f:\pulpit\sauber\myoemg_va\debug\vc140.pdb
f:\pulpit\sauber\myoemg_va\debug\myform.obj
f:\pulpit\sauber\tutaj mgr\myoemg_va\debug\vc140.pdb
f:\pulpit\sauber\tutaj mgr\myoemg_va\debug\.netframework,version=v4.5.2.assemblyattributes.obj
f:\pulpit\sauber\tutaj mgr\myoemg_va\debug\.netframework,version=v4.5.2.assemblyattributes.asm
f:\pulpit\sauber\myoemg_va\debug\myoemg.exe
f:\pulpit\sauber\myoemg_va\debug\myoemg.pdb
f:\pulpit\sauber\tutaj mgr\myoemg_va\debug\myoemg.exe
f:\pulpit\sauber\tutaj mgr\myoemg_va\debug\myoemg.pdb
f:\pulpit\sauber\myoemg_va\debug\myoemg.myform.resources
f:\pulpit\sauber\tutaj mgr\myoemg_va\debug\myoemg.myform.resources
f:\pulpit\sauber\tutaj mgr\myoemg_va\debug\myoemg.vcxproj.generateresource.cache
f:\pulpit\sauber\tutaj mgr\myoemg_va\debug\myoemg.vcxprojresolveassemblyreference.cache
f:\pulpit\sauber\tutaj mgr\myoemg_va\debug\myoemg.exe.metagen
f:\pulpit\sauber\tutaj mgr\myoemg_va\debug\myoemg.tlog\cl.command.1.tlog
f:\pulpit\sauber\tutaj mgr\myoemg_va\debug\myoemg.tlog\cl.read.1.tlog
f:\pulpit\sauber\tutaj mgr\myoemg_va\debug\myoemg.tlog\cl.write.1.tlog
f:\pulpit\sauber\tutaj mgr\myoemg_va\debug\myoemg.tlog\link.command.1.tlog
f:\pulpit\sauber\tutaj mgr\myoemg_va\debug\myoemg.tlog\link.read.1.tlog
f:\pulpit\sauber\tutaj mgr\myoemg_va\debug\myoemg.tlog\link.write.1.tlog
f:\pulpit\sauber\tutaj mgr\myoemg_va\debug\myoemg.tlog\metagen.read.1.tlog
f:\pulpit\sauber\tutaj mgr\myoemg_va\debug\myoemg.tlog\metagen.write.1.tlog
f:\pulpit\sauber\tutaj mgr\myoemg_va\debug\myoemg.tlog\myoemg.write.1u.tlog
f:\pulpit\sauber\tutaj mgr\myoemg_va\debug\myoemg.tlog\tzres.dll.bi
